05-05 03:08:13.171  2376  5488 I WindowManager:   dvrrWindowFrameRateHint=true naviIconColor=0}
05-05 03:08:13.176  2376  4123 I WindowManager: Cancelling animation restarting=true, leash=Surface(name=Surface(name=6e251b4 TaskbarWindow)/@0x9a26803 - animation-leash of insets_animation)/@0x753a34a
05-05 03:08:13.176  2376  4123 I WindowManager: Reparenting to original parent: Surface(name=WindowToken{7bde152 type=2024 android.os.BinderProxy@48ff513})/@0xb296380, destroy=false, surface=Surface(name=6e251b4 TaskbarWindow)/@0x9a26803
05-05 03:08:13.176  2376  4123 I WindowManager: Reparenting to leash, surface=Surface(name=6e251b4 TaskbarWindow)/@0x9a26803, leashParent=Surface(name=WindowToken{7bde152 type=2024 android.os.BinderProxy@48ff513})/@0xb296380
05-05 03:08:13.177  2376  4123 I WindowManager: Cancelling animation restarting=true, leash=Surface(name=Surface(name=af39384 StatusBar)/@0x7310f85 - animation-leash of insets_animation)/@0xc32f331
05-05 03:08:13.177  2376  4123 I WindowManager: Reparenting to original parent: Surface(name=WindowToken{95f0597 type=2000 android.os.BinderProxy@bb23931})/@0x87c51da, destroy=false, surface=Surface(name=af39384 StatusBar)/@0x7310f85
05-05 03:08:13.177  2376  4123 I WindowManager: Reparenting to leash, surface=Surface(name=af39384 StatusBar)/@0x7310f85, leashParent=Surface(name=WindowToken{95f0597 type=2000 android.os.BinderProxy@bb23931})/@0x87c51da
05-05 03:08:13.177  2376  4123 I WindowManager: Cancelling animation restarting=true, leash=Surface(name=Surface(name=bc1e92e NavigationBar0)/@0x80acce8 - animation-leash of insets_animation)/@0x8f1584
05-05 03:08:13.177  2376  4123 I WindowManager: Reparenting to original parent: Surface(name=WindowToken{743dfa9 type=2019 android.os.BinderProxy@cd6a0e2})/@0xa781f01, destroy=false, surface=Surface(name=bc1e92e NavigationBar0)/@0x80acce8
05-05 03:08:13.177  2376  4123 I WindowManager: Reparenting to leash, surface=Surface(name=bc1e92e NavigationBar0)/@0x80acce8, leashParent=Surface(name=WindowToken{743dfa9 type=2019 android.os.BinderProxy@cd6a0e2})/@0xa781f01
05-05 03:08:13.199  2376  8182 I WindowManager: Relayout Window{ef94a4d u0 com.livesolar.solarsystem/com.livesolar.solarsystem.SolarSystemWidgetConfigActivity}: viewVisibility=0 req=628x748 ty=1 d0
05-05 03:08:13.199  2376  8182 I WindowManager: Cancelling animation restarting=true, leash=Surface(name=Surface(name=6e251b4 TaskbarWindow)/@0x9a26803 - animation-leash of insets_animation)/@0x264a308
05-05 03:08:13.199  2376  8182 I WindowManager: Reparenting to original parent: Surface(name=WindowToken{7bde152 type=2024 android.os.BinderProxy@48ff513})/@0xb296380, destroy=false, surface=Surface(name=6e251b4 TaskbarWindow)/@0x9a26803
05-05 03:08:13.199  2376  8182 I WindowManager: Reparenting to leash, surface=Surface(name=6e251b4 TaskbarWindow)/@0x9a26803, leashParent=Surface(name=WindowToken{7bde152 type=2024 android.os.BinderProxy@48ff513})/@0xb296380
05-05 03:08:13.199  2376  8182 I WindowManager: Cancelling animation restarting=true, leash=Surface(name=Surface(name=af39384 StatusBar)/@0x7310f85 - animation-leash of insets_animation)/@0x445c4c6
05-05 03:08:13.199  2376  8182 I WindowManager: Reparenting to original parent: Surface(name=WindowToken{95f0597 type=2000 android.os.BinderProxy@bb23931})/@0x87c51da, destroy=false, surface=Surface(name=af39384 StatusBar)/@0x7310f85
05-05 03:08:13.199  2376  8182 I WindowManager: Reparenting to leash, surface=Surface(name=af39384 StatusBar)/@0x7310f85, leashParent=Surface(name=WindowToken{95f0597 type=2000 android.os.BinderProxy@bb23931})/@0x87c51da
05-05 03:08:13.199  2376  8182 I WindowManager: Cancelling animation restarting=true, leash=Surface(name=Surface(name=bc1e92e NavigationBar0)/@0x80acce8 - animation-leash of insets_animation)/@0xe24e7b4
05-05 03:08:13.199  2376  8182 I WindowManager: Reparenting to original parent: Surface(name=WindowToken{743dfa9 type=2019 android.os.BinderProxy@cd6a0e2})/@0xa781f01, destroy=false, surface=Surface(name=bc1e92e NavigationBar0)/@0x80acce8
05-05 03:08:13.199  2376  8182 I WindowManager: Reparenting to leash, surface=Surface(name=bc1e92e NavigationBar0)/@0x80acce8, leashParent=Surface(name=WindowToken{743dfa9 type=2019 android.os.BinderProxy@cd6a0e2})/@0xa781f01
05-05 03:08:13.200  2376  8182 I WindowManager: Relayout hash=ef94a4d, pid=26051, syncId=-1: mAttrs={(0,0)(wrapxwrap) sim={adjust=pan forwardNavigation} ty=BASE_APPLICATION fmt=TRANSLUCENT wanim=0x1030309 surfaceInsets=Rect(4, 4 - 4, 4)
05-05 03:08:13.200  2376  8182 I WindowManager:   fl=1800002
05-05 03:08:13.200  2376  8182 I WindowManager:   pfl=40000880
05-05 03:08:13.200  2376  8182 I WindowManager:   bhv=1
05-05 03:08:13.200  2376  8182 I WindowManager:   fitTypes=207
05-05 03:08:13.200  2376  8182 I WindowManager:   frameRateBoostOnTouch=true
05-05 03:08:13.200  2376  8182 I WindowManager:   dvrrWindowFrameRateHint=true
05-05 03:08:13.200  2376  8182 I WindowManager:  dimAmount=0.65 naviIconColor=0}
05-05 03:08:13.264  2376  4123 I WindowManager: Cancelling animation restarting=true, leash=Surface(name=Surface(name=76d46e1 InputMethod)/@0xe3cabb7 - animation-leash of insets_animation)/@0xb40bff6
05-05 03:08:13.264  2376  4123 I WindowManager: Reparenting to original parent: Surface(name=WindowToken{30f9f33 type=2011 android.os.Binder@99c3a6d})/@0xef8cc07, destroy=false, surface=Surface(name=76d46e1 InputMethod)/@0xe3cabb7
05-05 03:08:13.264  2376  4123 I WindowManager: Reparenting to leash, surface=Surface(name=76d46e1 InputMethod)/@0xe3cabb7, leashParent=Surface(name=WindowToken{30f9f33 type=2011 android.os.Binder@99c3a6d})/@0xef8cc07
05-05 03:08:19.797  2376  5973 I WindowManager: Cancelling animation restarting=true, leash=Surface(name=Surface(name=6e251b4 TaskbarWindow)/@0x9a26803 - animation-leash of insets_animation)/@0xf8ff65a
05-05 03:08:19.797  2376  5973 I WindowManager: Reparenting to original parent: Surface(name=WindowToken{7bde152 type=2024 android.os.BinderProxy@48ff513})/@0xb296380, destroy=false, surface=Surface(name=6e251b4 TaskbarWindow)/@0x9a26803
05-05 03:08:19.797  2376  5973 I WindowManager: Reparenting to leash, surface=Surface(name=6e251b4 TaskbarWindow)/@0x9a26803, leashParent=Surface(name=WindowToken{7bde152 type=2024 android.os.BinderProxy@48ff513})/@0xb296380
05-05 03:08:19.797  2376  5973 I WindowManager: Cancelling animation restarting=true, leash=Surface(name=Surface(name=af39384 StatusBar)/@0x7310f85 - animation-leash of insets_animation)/@0x90e4568
05-05 03:08:19.797  2376  5973 I WindowManager: Reparenting to original parent: Surface(name=WindowToken{95f0597 type=2000 android.os.BinderProxy@bb23931})/@0x87c51da, destroy=false, surface=Surface(name=af39384 StatusBar)/@0x7310f85
05-05 03:08:19.797  2376  5973 I WindowManager: Reparenting to leash, surface=Surface(name=af39384 StatusBar)/@0x7310f85, leashParent=Surface(name=WindowToken{95f0597 type=2000 android.os.BinderProxy@bb23931})/@0x87c51da
05-05 03:08:19.797  2376  5973 I WindowManager: Cancelling animation restarting=true, leash=Surface(name=Surface(name=bc1e92e NavigationBar0)/@0x80acce8 - animation-leash of insets_animation)/@0xc471e26
05-05 03:08:19.797  2376  5973 I WindowManager: Reparenting to original parent: Surface(name=WindowToken{743dfa9 type=2019 android.os.BinderProxy@cd6a0e2})/@0xa781f01, destroy=false, surface=Surface(name=bc1e92e NavigationBar0)/@0x80acce8
05-05 03:08:19.797  2376  5973 I WindowManager: Reparenting to leash, surface=Surface(name=bc1e92e NavigationBar0)/@0x80acce8, leashParent=Surface(name=WindowToken{743dfa9 type=2019 android.os.BinderProxy@cd6a0e2})/@0xa781f01
05-05 03:08:19.823  2376  5973 I WindowManager: Cancelling animation restarting=true, leash=Surface(name=Surface(name=76d46e1 InputMethod)/@0xe3cabb7 - animation-leash of insets_animation)/@0xce9eb57
05-05 03:08:19.823  2376  5973 I WindowManager: Reparenting to original parent: Surface(name=WindowToken{30f9f33 type=2011 android.os.Binder@99c3a6d})/@0xef8cc07, destroy=false, surface=Surface(name=76d46e1 InputMethod)/@0xe3cabb7
05-05 03:08:19.823  2376  5973 I WindowManager: Reparenting to leash, surface=Surface(name=76d46e1 InputMethod)/@0xe3cabb7, leashParent=Surface(name=WindowToken{30f9f33 type=2011 android.os.Binder@99c3a6d})/@0xef8cc07
05-05 03:08:19.831  2376  2894 I WindowManager: systemReady() >> KnoxZT startEnableTouchEvent called for Display Id : 163
05-05 03:08:19.841  2376  2894 I WindowManager: [d163] Override config changes=20a05df8 {0.0 ?mcc0mnc ?localeList ?layoutDir sw696dp w696dp h1054dp 311dpi lrg port ?uimode ?night -touch -keyb/v/h -nav/h winConfig={ mBounds=Rect(0, 0 - 1352, 2048) mAppBounds=Rect(0, 0 - 1352, 2048) mMaxBounds=Rect(0, 0 - 1352, 2048) mDisplayRotation=ROTATION_0 mWindowingMode=fullscreen mActivityType=undefined mAlwaysOnTop=undefined mRotation=ROTATION_0 mStageConfig=undefined mEmbedActivityMode=undefined mPopOver=undefined mOverlappingWithCutout=false mFlexPanelMode=off} ?fontWeightAdjustment ff=0 bf=-1 bts=0 cst=1.0 nightDim=-1 dt/? themeSeq=0}, callers=com.android.server.wm.DisplayContent.updateDisplayOverrideConfigurationLocked:24 com.android.server.wm.DisplayContent.sendNewConfiguration:133 com.android.server.wm.DisplayContent.reconfigureDisplayLocked:163 com.android.server.wm.DisplayContent.onParentChanged:31 com.android.server.wm.WindowContainer.setParent:78 
05-05 03:08:19.843  2376  2894 I WindowManager: notifyDisplayReady() >> KnoxZT startEnableTouchEvent called for Display Id : 163
05-05 03:08:19.843  2376  2894 I WindowManager: enableTouchListener debugmode:false
05-05 03:08:19.844  2376  2894 I WindowManager: TouchEventView is already added
05-05 03:08:19.853 26051 26051 I WindowManager: WindowManagerGlobal#addView, ty=2030, view=com.android.internal.policy.DecorView{8e1d230 V.E...... R.....ID 0,0-0,0}[], caller=android.view.WindowManagerImpl.addView:158 android.app.Dialog.show:540 android.app.Presentation.show:331 
05-05 03:08:19.868  2376  7573 I WindowManager: Relayout Window{f3f5199 u0 com.livesolar.solarsystem}: viewVisibility=0 req=1352x2048 ty=2030 d163
05-05 03:08:19.871  2376  7573 I WindowManager: Relayout hash=f3f5199, pid=26051, syncId=-1: mAttrs={(0,0)(fillxfill) gr=FILL CENTER sim={adjust=resize forwardNavigation} layoutInDisplayCutoutMode=always ty=PRIVATE_PRESENTATION wanim=0x1030317
05-05 03:08:19.871  2376  7573 I WindowManager:   fl=81810500
05-05 03:08:19.871  2376  7573 I WindowManager:   pfl=100088c0
05-05 03:08:19.871  2376  7573 I WindowManager:   bhv=2
05-05 03:08:19.871  2376  7573 I WindowManager:   fitSides=0
05-05 03:08:19.871  2376  7573 I WindowManager:   frameRateBoostOnTouch=true
05-05 03:08:19.871  2376  7573 I WindowManager:   dvrrWindowFrameRateHint=true naviIconColor=0}
05-05 03:08:20.008 26051 26051 I chromium: [INFO:CONSOLE:28622] "WARNING: Too many active WebGL contexts. Oldest context will be lost.", source: https://appassets.androidplatform.net/assets/js/three.module.js (28622)
05-05 03:08:24.017 26051 26051 I WindowManager: WindowManagerGlobal#removeView, ty=2030, view=com.android.internal.policy.DecorView{8e1d230 V.E...... R....... 0,0-1352,2048}[], caller=android.view.WindowManagerGlobal.removeView:654 android.view.WindowManagerImpl.removeViewImmediate:216 android.app.Dialog.dismissDialog:850 
05-05 03:08:24.029  2376  2894 I WindowManager: release() >> KnoxZT mIsKnoxZtStarted is false for Display Id : 163
